0 info it worked if it ends with ok
1 verbose cli [ '/usr/local/bin/node', '/usr/local/bin/npm', 'install', 'user' ]
2 info using npm@1.3.17
3 info using node@v0.11.10-pre
4 verbose readDependencies using package.json deps
5 verbose cache add [ 'user', null ]
6 verbose cache add name=undefined spec="user" args=["user",null]
7 verbose parsed url { protocol: null,
7 verbose parsed url   slashes: null,
7 verbose parsed url   auth: null,
7 verbose parsed url   host: null,
7 verbose parsed url   port: null,
7 verbose parsed url   hostname: null,
7 verbose parsed url   hash: null,
7 verbose parsed url   search: null,
7 verbose parsed url   query: null,
7 verbose parsed url   pathname: 'user',
7 verbose parsed url   path: 'user',
7 verbose parsed url   href: 'user' }
8 silly lockFile 12dea96f-user user
9 verbose lock user /home/darwin/.npm/12dea96f-user.lock
10 silly lockFile 12dea96f-user user
11 silly lockFile 12dea96f-user user
12 verbose addNamed [ 'user', '' ]
13 verbose addNamed [ null, '*' ]
14 silly lockFile 349a60f1-user user@
15 verbose lock user@ /home/darwin/.npm/349a60f1-user.lock
16 silly addNameRange { name: 'user', range: '*', hasData: false }
17 verbose url raw user
18 verbose url resolving [ 'https://registry.npmjs.org/', './user' ]
19 verbose url resolved https://registry.npmjs.org/user
20 info trying registry request attempt 1 at 23:05:19
21 http GET https://registry.npmjs.org/user
22 http 404 https://registry.npmjs.org/user
23 silly registry.get cb [ 404,
23 silly registry.get   { server: 'CouchDB/1.3.1 (Erlang OTP/R15B03)',
23 silly registry.get     date: 'Thu, 19 Dec 2013 22:05:22 GMT',
23 silly registry.get     'content-type': 'application/json',
23 silly registry.get     'content-length': '52',
23 silly registry.get     'cache-control': 'must-revalidate' } ]
24 silly lockFile 349a60f1-user user@
25 silly lockFile 349a60f1-user user@
26 error 404 'user' is not in the npm registry.
26 error 404 You should bug the author to publish it
26 error 404
26 error 404 Note that you can also install from a
26 error 404 tarball, folder, or http url, or git url.
27 error System Linux 3.8.0-34-generic
28 error command "/usr/local/bin/node" "/usr/local/bin/npm" "install" "user"
29 error cwd /home/darwin/Desktop/carlos/Dropbox/0000_UPV/cursos/seguridad/yourcoment
30 error node -v v0.11.10-pre
31 error npm -v 1.3.17
32 error code E404
33 verbose exit [ 1, true ]
